-------------------------------------------------------------------------------
Test set: runners.TestRunner
-------------------------------------------------------------------------------
Tests run: 2, Failures: 0, Errors: 2, Skipped: 0, Time elapsed: 0.777 sec <<< FAILURE!
TC01 kullanici amazonda Nutella aratir(US1001 Kullanici Amazon Sayfasinda Arama Yapar)  Time elapsed: 0.149 sec  <<< ERROR!
io.cucumber.junit.UndefinedStepException: The step 'kullanici amazon anasayfasinda' and 3 other step(s) are undefined.
You can implement these steps using the snippet(s) below:

@Given("kullanici amazon anasayfasinda")
public void kullanici_amazon_anasayfasinda() {
    // Write code here that turns the phrase above into concrete actions
    throw new io.cucumber.java.PendingException();
}
@Then("kullanici Nutella icin arama yapar")
public void kullanici_nutella_icin_arama_yapar() {
    // Write code here that turns the phrase above into concrete actions
    throw new io.cucumber.java.PendingException();
}
@Then("sonuclarin Nutella icerdigini test eder")
public void sonuclarin_nutella_icerdigini_test_eder() {
    // Write code here that turns the phrase above into concrete actions
    throw new io.cucumber.java.PendingException();
}
@Then("sayfayi kapatir")
public void sayfayi_kapatir() {
    // Write code here that turns the phrase above into concrete actions
    throw new io.cucumber.java.PendingException();
}


TC02  kullanici amazonda Java aratir(US1001 Kullanici Amazon Sayfasinda Arama Yapar)  Time elapsed: 0.009 sec  <<< ERROR!
io.cucumber.junit.UndefinedStepException: The step 'kullanici amazon anasayfasinda' and 3 other step(s) are undefined.
You can implement these steps using the snippet(s) below:

@Given("kullanici amazon anasayfasinda")
public void kullanici_amazon_anasayfasinda() {
    // Write code here that turns the phrase above into concrete actions
    throw new io.cucumber.java.PendingException();
}
@Then("kullanici Java icin arama yapar")
public void kullanici_java_icin_arama_yapar() {
    // Write code here that turns the phrase above into concrete actions
    throw new io.cucumber.java.PendingException();
}
@Then("sonuclarin Java icerdigini test eder")
public void sonuclarin_java_icerdigini_test_eder() {
    // Write code here that turns the phrase above into concrete actions
    throw new io.cucumber.java.PendingException();
}
@Then("sayfayi kapatir")
public void sayfayi_kapatir() {
    // Write code here that turns the phrase above into concrete actions
    throw new io.cucumber.java.PendingException();
}


